<?xml version="1.0" encoding="UTF-8"?>
<testsuite name="cn.beagile.dslquery.PredicateTest" tests="2" skipped="0" failures="0" errors="0" timestamp="2023-06-23T02:03:58" hostname="dengzhiguodeMacBook-Pro.local" time="0.021">
  <properties/>
  <testcase name="should_throw_exception_when_field_contains_not_letter_number_underline()" classname="cn.beagile.dslquery.PredicateTest" time="0.019"/>
  <testcase name="should_throw_exception_when_field_not_start_with_letter()" classname="cn.beagile.dslquery.PredicateTest" time="0.001"/>
  <system-out><![CDATA[]]></system-out>
  <system-err><![CDATA[]]></system-err>
</testsuite>
