<?xml version="1.0" encoding="UTF-8"?>
<testsuite name="cn.beagile.dslquery.SQLQueryTest" tests="5" skipped="0" failures="0" errors="0" timestamp="2023-06-22T11:30:47" hostname="dengzhiguodeMacBook-Pro.local" time="0.08">
  <properties/>
  <testcase name="add_double_param()" classname="cn.beagile.dslquery.SQLQueryTest" time="0.0"/>
  <testcase name="add_instant_param()" classname="cn.beagile.dslquery.SQLQueryTest" time="0.076"/>
  <testcase name="add_float_param()" classname="cn.beagile.dslquery.SQLQueryTest" time="0.001"/>
  <testcase name="add_int_param()" classname="cn.beagile.dslquery.SQLQueryTest" time="0.0"/>
  <testcase name="add_string_param()" classname="cn.beagile.dslquery.SQLQueryTest" time="0.0"/>
  <system-out><![CDATA[]]></system-out>
  <system-err><![CDATA[]]></system-err>
</testsuite>
