<?xml version="1.0" encoding="UTF-8"?>
<testsuite name="cn.beagile.dslquery.DSLQueryTest" tests="1" skipped="0" failures="0" errors="0" timestamp="2023-06-22T05:52:57" hostname="dengzhiguodeMacBook-Pro.local" time="0.018">
  <properties/>
  <testcase name="should_execute_query_without_filter_sort_page()" classname="cn.beagile.dslquery.DSLQueryTest" time="0.018"/>
  <system-out><![CDATA[]]></system-out>
  <system-err><![CDATA[]]></system-err>
</testsuite>
