<?xml version="1.0" encoding="UTF-8"?>
<testsuite name="cn.beagile.dslquery.IntegrationTest" tests="5" skipped="0" failures="0" errors="0" timestamp="2023-06-22T12:50:14" hostname="dengzhiguodeMacBook-Pro.local" time="0.066">
  <properties/>
  <testcase name="should_query()" classname="cn.beagile.dslquery.IntegrationTest" time="0.024"/>
  <testcase name="should_query_by_born_at()" classname="cn.beagile.dslquery.IntegrationTest" time="0.019"/>
  <testcase name="should_return1_when_add_where()" classname="cn.beagile.dslquery.IntegrationTest" time="0.007"/>
  <testcase name="should_return_empty_when_wrong_page()" classname="cn.beagile.dslquery.IntegrationTest" time="0.006"/>
  <testcase name="should_query_with_order()" classname="cn.beagile.dslquery.IntegrationTest" time="0.006"/>
  <system-out><![CDATA[20:50:09.043 [Test worker] DEBUG org.springframework.test.context.BootstrapUtils - Instantiating CacheAwareContextLoaderDelegate from class [org.springframework.test.context.cache.DefaultCacheAwareContextLoaderDelegate]
20:50:09.058 [Test worker] DEBUG org.springframework.test.context.BootstrapUtils - Instantiating BootstrapContext using constructor [public org.springframework.test.context.support.DefaultBootstrapContext(java.lang.Class,org.springframework.test.context.CacheAwareContextLoaderDelegate)]
20:50:09.094 [Test worker] DEBUG org.springframework.test.context.BootstrapUtils - Instantiating TestContextBootstrapper for test class [cn.beagile.dslquery.IntegrationTest] from class [org.springframework.boot.test.context.SpringBootTestContextBootstrapper]
20:50:09.136 [Test worker] INFO org.springframework.boot.test.context.SpringBootTestContextBootstrapper - Neither @ContextConfiguration nor @ContextHierarchy found for test class [cn.beagile.dslquery.IntegrationTest], using SpringBootContextLoader
20:50:09.138 [Test worker] DEBUG org.springframework.test.context.support.AbstractContextLoader - Did not detect default resource location for test class [cn.beagile.dslquery.IntegrationTest]: class path resource [cn/beagile/dslquery/IntegrationTest-context.xml] does not exist
20:50:09.139 [Test worker] DEBUG org.springframework.test.context.support.AbstractContextLoader - Did not detect default resource location for test class [cn.beagile.dslquery.IntegrationTest]: class path resource [cn/beagile/dslquery/IntegrationTestContext.groovy] does not exist
20:50:09.139 [Test worker] INFO org.springframework.test.context.support.AbstractContextLoader - Could not detect default resource locations for test class [cn.beagile.dslquery.IntegrationTest]: no resource found for suffixes {-context.xml, Context.groovy}.
20:50:09.174 [Test worker] DEBUG org.springframework.test.context.support.ActiveProfilesUtils - Could not find an 'annotation declaring class' for annotation type [org.springframework.test.context.ActiveProfiles] and class [cn.beagile.dslquery.IntegrationTest]
20:50:09.269 [Test worker] DEBUG org.springframework.boot.test.context.SpringBootTestContextBootstrapper - @TestExecutionListeners is not present for class [cn.beagile.dslquery.IntegrationTest]: using defaults.
20:50:09.269 [Test worker] INFO org.springframework.boot.test.context.SpringBootTestContextBootstrapper - Loaded default TestExecutionListener class names from location [META-INF/spring.factories]: [org.springframework.boot.test.autoconfigure.restdocs.RestDocsTestExecutionListener, org.springframework.boot.test.autoconfigure.web.client.MockRestServiceServerResetTestExecutionListener, org.springframework.boot.test.autoconfigure.web.servlet.MockMvcPrintOnlyOnFailureTestExecutionListener, org.springframework.boot.test.autoconfigure.web.servlet.WebDriverTestExecutionListener, org.springframework.boot.test.autoconfigure.webservices.client.MockWebServiceServerTestExecutionListener, org.springframework.boot.test.mock.mockito.MockitoTestExecutionListener, org.springframework.boot.test.mock.mockito.ResetMocksTestExecutionListener, org.springframework.test.context.web.ServletTestExecutionListener, org.springframework.test.context.support.DirtiesContextBeforeModesTestExecutionListener, org.springframework.test.context.event.ApplicationEventsTestExecutionListener, org.springframework.test.context.support.DependencyInjectionTestExecutionListener, org.springframework.test.context.support.DirtiesContextTestExecutionListener, org.springframework.test.context.transaction.TransactionalTestExecutionListener, org.springframework.test.context.jdbc.SqlScriptsTestExecutionListener, org.springframework.test.context.event.EventPublishingTestExecutionListener]
20:50:09.276 [Test worker] DEBUG org.springframework.boot.test.context.SpringBootTestContextBootstrapper - Skipping candidate TestExecutionListener [org.springframework.test.context.web.ServletTestExecutionListener] due to a missing dependency. Specify custom listener classes or make the default listener classes and their required dependencies available. Offending class: [javax/servlet/ServletContext]
20:50:09.283 [Test worker] INFO org.springframework.boot.test.context.SpringBootTestContextBootstrapper - Using TestExecutionListeners: [org.springframework.test.context.support.DirtiesContextBeforeModesTestExecutionListener@7c59644d, org.springframework.test.context.event.ApplicationEventsTestExecutionListener@3c0dc3d7, org.springframework.boot.test.mock.mockito.MockitoTestExecutionListener@73d0445f, org.springframework.boot.test.autoconfigure.SpringBootDependencyInjectionTestExecutionListener@14b19cbf, org.springframework.test.context.support.DirtiesContextTestExecutionListener@23fdf968, org.springframework.test.context.transaction.TransactionalTestExecutionListener@713c85bb, org.springframework.test.context.jdbc.SqlScriptsTestExecutionListener@bfc57f, org.springframework.test.context.event.EventPublishingTestExecutionListener@18f3f5b3, org.springframework.boot.test.autoconfigure.restdocs.RestDocsTestExecutionListener@5489797c, org.springframework.boot.test.autoconfigure.web.client.MockRestServiceServerResetTestExecutionListener@410d3f0b, org.springframework.boot.test.autoconfigure.web.servlet.MockMvcPrintOnlyOnFailureTestExecutionListener@3f678e68, org.springframework.boot.test.autoconfigure.web.servlet.WebDriverTestExecutionListener@38beba5a, org.springframework.boot.test.autoconfigure.webservices.client.MockWebServiceServerTestExecutionListener@27e376a8, org.springframework.boot.test.mock.mockito.ResetMocksTestExecutionListener@fbef038]
20:50:09.286 [Test worker] DEBUG org.springframework.test.context.support.AbstractDirtiesContextTestExecutionListener - Before test class: context [DefaultTestContext@87cdab7 testClass = IntegrationTest, testInstance = [null], testMethod = [null], testException = [null], mergedContextConfiguration = [MergedContextConfiguration@3f3d8d7e testClass = IntegrationTest, locations = '{}', classes = '{class cn.beagile.dslquery.TestApplication}', contextInitializerClasses = '[]', activeProfiles = '{}', propertySourceLocations = '{}', propertySourceProperties = '{org.springframework.boot.test.context.SpringBootTestContextBootstrapper=true}', contextCustomizers = set[org.springframework.boot.test.autoconfigure.actuate.metrics.MetricsExportContextCustomizerFactory$DisableMetricExportContextCustomizer@1c1d680, org.springframework.boot.test.autoconfigure.properties.PropertyMappingContextCustomizer@0, org.springframework.boot.test.autoconfigure.web.servlet.WebDriverContextCustomizerFactory$Customizer@7418d9b1, org.springframework.boot.test.context.filter.ExcludeFilterContextCustomizer@68d24cda, org.springframework.boot.test.json.DuplicateJsonObjectContextCustomizerFactory$DuplicateJsonObjectContextCustomizer@34918b3b, org.springframework.boot.test.mock.mockito.MockitoContextCustomizer@0, org.springframework.boot.test.web.client.TestRestTemplateContextCustomizer@f858fb5, org.springframework.boot.test.context.SpringBootTestArgs@1, org.springframework.boot.test.context.SpringBootTestWebEnvironment@796b772f], contextLoader = 'org.springframework.boot.test.context.SpringBootContextLoader', parent = [null]], attributes = map[[empty]]], class annotated with @DirtiesContext [false] with mode [null].
20:50:09.291 [Test worker] DEBUG org.springframework.test.context.support.DependencyInjectionTestExecutionListener - Performing dependency injection for test context [[DefaultTestContext@87cdab7 testClass = IntegrationTest, testInstance = cn.beagile.dslquery.IntegrationTest@58398be7, testMethod = [null], testException = [null], mergedContextConfiguration = [MergedContextConfiguration@3f3d8d7e testClass = IntegrationTest, locations = '{}', classes = '{class cn.beagile.dslquery.TestApplication}', contextInitializerClasses = '[]', activeProfiles = '{}', propertySourceLocations = '{}', propertySourceProperties = '{org.springframework.boot.test.context.SpringBootTestContextBootstrapper=true}', contextCustomizers = set[org.springframework.boot.test.autoconfigure.actuate.metrics.MetricsExportContextCustomizerFactory$DisableMetricExportContextCustomizer@1c1d680, org.springframework.boot.test.autoconfigure.properties.PropertyMappingContextCustomizer@0, org.springframework.boot.test.autoconfigure.web.servlet.WebDriverContextCustomizerFactory$Customizer@7418d9b1, org.springframework.boot.test.context.filter.ExcludeFilterContextCustomizer@68d24cda, org.springframework.boot.test.json.DuplicateJsonObjectContextCustomizerFactory$DuplicateJsonObjectContextCustomizer@34918b3b, org.springframework.boot.test.mock.mockito.MockitoContextCustomizer@0, org.springframework.boot.test.web.client.TestRestTemplateContextCustomizer@f858fb5, org.springframework.boot.test.context.SpringBootTestArgs@1, org.springframework.boot.test.context.SpringBootTestWebEnvironment@796b772f], contextLoader = 'org.springframework.boot.test.context.SpringBootContextLoader', parent = [null]], attributes = map['org.springframework.test.context.event.ApplicationEventsTestExecutionListener.recordApplicationEvents' -> false]]].
20:50:09.316 [Test worker] DEBUG org.springframework.test.context.support.TestPropertySourceUtils - Adding inlined properties to environment: {spring.jmx.enabled=false, org.springframework.boot.test.context.SpringBootTestContextBootstrapper=true}

  .   ____          _            __ _ _
 /\\ / ___'_ __ _ _(_)_ __  __ _ \ \ \ \
( ( )\___ | '_ | '_| | '_ \/ _` | \ \ \ \
 \\/  ___)| |_)| | | | | || (_| |  ) ) ) )
  '  |____| .__|_| |_|_| |_\__, | / / / /
 =========|_|==============|___/=/_/_/_/
 :: Spring Boot ::                (v2.5.6)

2023-06-22 20:50:09.568  INFO 64735 --- [    Test worker] cn.beagile.dslquery.IntegrationTest      : Starting IntegrationTest using Java 1.8.0_291 on dengzhiguodeMacBook-Pro.local with PID 64735 (started by dengzhiguo in /Users/dengzhiguo/Workspace/dslquery)
2023-06-22 20:50:09.571  INFO 64735 --- [    Test worker] cn.beagile.dslquery.IntegrationTest      : No active profile set, falling back to default profiles: default
2023-06-22 20:50:10.093  INFO 64735 --- [    Test worker] .s.d.r.c.RepositoryConfigurationDelegate : Bootstrapping Spring Data JPA repositories in DEFAULT mode.
2023-06-22 20:50:10.109  INFO 64735 --- [    Test worker] .s.d.r.c.RepositoryConfigurationDelegate : Finished Spring Data repository scanning in 8 ms. Found 0 JPA repository interfaces.
2023-06-22 20:50:10.476  INFO 64735 --- [    Test worker] o.t.utility.ImageNameSubstitutor         : Image name substitution will be performed by: DefaultImageNameSubstitutor (composite of 'ConfigurationFileImageNameSubstitutor' and 'PrefixingImageNameSubstitutor')
2023-06-22 20:50:10.525  INFO 64735 --- [    Test worker] o.t.d.DockerClientProviderStrategy       : Loaded org.testcontainers.dockerclient.UnixSocketClientProviderStrategy from ~/.testcontainers.properties, will try it first
2023-06-22 20:50:11.068  INFO 64735 --- [    Test worker] o.t.d.DockerClientProviderStrategy       : Found Docker environment with local Unix socket (unix:///var/run/docker.sock)
2023-06-22 20:50:11.070  INFO 64735 --- [    Test worker] org.testcontainers.DockerClientFactory   : Docker host IP address is localhost
2023-06-22 20:50:11.105  INFO 64735 --- [    Test worker] org.testcontainers.DockerClientFactory   : Connected to docker: 
  Server Version: 20.10.17
  API Version: 1.41
  Operating System: Docker Desktop
  Total Memory: 7960 MB
2023-06-22 20:50:11.111  INFO 64735 --- [    Test worker] org.testcontainers.DockerClientFactory   : Checking the system...
2023-06-22 20:50:11.112  INFO 64735 --- [    Test worker] org.testcontainers.DockerClientFactory   : ✔︎ Docker server version should be at least 1.6.0
2023-06-22 20:50:12.351  INFO 64735 --- [    Test worker] org.testcontainers.DockerClientFactory   : ✔︎ Docker environment should have more than 2GB free disk space
2023-06-22 20:50:12.533  INFO 64735 --- [    Test worker] ]]>&#x1f433;<![CDATA[ [mysql:5.7.28]                        : Creating container for image: mysql:5.7.28
2023-06-22 20:50:12.614  INFO 64735 --- [    Test worker] ]]>&#x1f433;<![CDATA[ [mysql:5.7.28]                        : Reusing container with ID: b4ec54cdc3f7ad21feb956f0285573386b25f0cdfa547b23e7bed94ccbfbc104 and hash: 48dc79dd9b277b45b98c0de3d11190226bf94024
2023-06-22 20:50:12.615  INFO 64735 --- [    Test worker] ]]>&#x1f433;<![CDATA[ [mysql:5.7.28]                        : Reusing existing container (b4ec54cdc3f7ad21feb956f0285573386b25f0cdfa547b23e7bed94ccbfbc104) and not creating a new one
2023-06-22 20:50:12.642  INFO 64735 --- [    Test worker] ]]>&#x1f433;<![CDATA[ [mysql:5.7.28]                        : Waiting for database connection to become available at jdbc:mysql://localhost:63467/test using query 'SELECT 1'
2023-06-22 20:50:12.979  INFO 64735 --- [    Test worker] ]]>&#x1f433;<![CDATA[ [mysql:5.7.28]                        : Container is started (JDBC URL: jdbc:mysql://localhost:63467/test)
2023-06-22 20:50:12.980  INFO 64735 --- [    Test worker] ]]>&#x1f433;<![CDATA[ [mysql:5.7.28]                        : Container mysql:5.7.28 started in PT0.448S
2023-06-22 20:50:13.060  INFO 64735 --- [    Test worker] o.f.c.internal.license.VersionPrinter    : Flyway Community Edition 5.2.4 by Boxfuse
2023-06-22 20:50:13.068  INFO 64735 --- [    Test worker] com.zaxxer.hikari.HikariDataSource       : HikariPool-1 - Starting...
2023-06-22 20:50:13.421  INFO 64735 --- [    Test worker] com.zaxxer.hikari.HikariDataSource       : HikariPool-1 - Start completed.
2023-06-22 20:50:13.428  INFO 64735 --- [    Test worker] o.f.c.internal.database.DatabaseFactory  : Database: jdbc:mysql://localhost:63467/test (MySQL 5.7)
2023-06-22 20:50:13.538  INFO 64735 --- [    Test worker] o.f.core.internal.command.DbValidate     : Successfully validated 1 migration (execution time 00:00.032s)
2023-06-22 20:50:13.568  INFO 64735 --- [    Test worker] o.f.core.internal.command.DbMigrate      : Current version of schema `test`: 1
2023-06-22 20:50:13.571  INFO 64735 --- [    Test worker] o.f.core.internal.command.DbMigrate      : Schema `test` is up to date. No migration necessary.
2023-06-22 20:50:13.830  INFO 64735 --- [    Test worker] o.hibernate.jpa.internal.util.LogHelper  : HHH000204: Processing PersistenceUnitInfo [name: default]
2023-06-22 20:50:13.947  INFO 64735 --- [    Test worker] org.hibernate.Version                    : HHH000412: Hibernate ORM core version 5.4.32.Final
2023-06-22 20:50:14.037  INFO 64735 --- [    Test worker] o.hibernate.annotations.common.Version   : HCANN000001: Hibernate Commons Annotations {5.1.2.Final}
2023-06-22 20:50:14.324  INFO 64735 --- [    Test worker] org.hibernate.dialect.Dialect            : HHH000400: Using dialect: org.hibernate.dialect.MySQL57Dialect
2023-06-22 20:50:14.693  INFO 64735 --- [    Test worker] o.h.e.t.j.p.i.JtaPlatformInitiator       : HHH000490: Using JtaPlatform implementation: [org.hibernate.engine.transaction.jta.platform.internal.NoJtaPlatform]
2023-06-22 20:50:14.704  INFO 64735 --- [    Test worker] j.LocalContainerEntityManagerFactoryBean : Initialized JPA EntityManagerFactory for persistence unit 'default'
2023-06-22 20:50:14.870  INFO 64735 --- [    Test worker] cn.beagile.dslquery.IntegrationTest      : Started IntegrationTest in 5.552 seconds (JVM running for 7.539)
]]></system-out>
  <system-err><![CDATA[]]></system-err>
</testsuite>
