<?xml version="1.0" encoding="UTF-8"?>
<testsuite name="cn.beagile.dslquery.IntegrationTest" tests="5" skipped="0" failures="0" errors="0" timestamp="2023-06-22T11:43:39" hostname="dengzhiguodeMacBook-Pro.local" time="0.08">
  <properties/>
  <testcase name="should_query()" classname="cn.beagile.dslquery.IntegrationTest" time="0.026"/>
  <testcase name="should_query_by_born_at()" classname="cn.beagile.dslquery.IntegrationTest" time="0.029"/>
  <testcase name="should_return1_when_add_where()" classname="cn.beagile.dslquery.IntegrationTest" time="0.007"/>
  <testcase name="should_return_empty_when_wrong_page()" classname="cn.beagile.dslquery.IntegrationTest" time="0.007"/>
  <testcase name="should_query_with_order()" classname="cn.beagile.dslquery.IntegrationTest" time="0.006"/>
  <system-out><![CDATA[19:43:31.511 [Test worker] DEBUG org.springframework.test.context.BootstrapUtils - Instantiating CacheAwareContextLoaderDelegate from class [org.springframework.test.context.cache.DefaultCacheAwareContextLoaderDelegate]
19:43:31.532 [Test worker] DEBUG org.springframework.test.context.BootstrapUtils - Instantiating BootstrapContext using constructor [public org.springframework.test.context.support.DefaultBootstrapContext(java.lang.Class,org.springframework.test.context.CacheAwareContextLoaderDelegate)]
19:43:31.602 [Test worker] DEBUG org.springframework.test.context.BootstrapUtils - Instantiating TestContextBootstrapper for test class [cn.beagile.dslquery.IntegrationTest] from class [org.springframework.boot.test.context.SpringBootTestContextBootstrapper]
19:43:31.624 [Test worker] INFO org.springframework.boot.test.context.SpringBootTestContextBootstrapper - Neither @ContextConfiguration nor @ContextHierarchy found for test class [cn.beagile.dslquery.IntegrationTest], using SpringBootContextLoader
19:43:31.631 [Test worker] DEBUG org.springframework.test.context.support.AbstractContextLoader - Did not detect default resource location for test class [cn.beagile.dslquery.IntegrationTest]: class path resource [cn/beagile/dslquery/IntegrationTest-context.xml] does not exist
19:43:31.631 [Test worker] DEBUG org.springframework.test.context.support.AbstractContextLoader - Did not detect default resource location for test class [cn.beagile.dslquery.IntegrationTest]: class path resource [cn/beagile/dslquery/IntegrationTestContext.groovy] does not exist
19:43:31.631 [Test worker] INFO org.springframework.test.context.support.AbstractContextLoader - Could not detect default resource locations for test class [cn.beagile.dslquery.IntegrationTest]: no resource found for suffixes {-context.xml, Context.groovy}.
19:43:31.692 [Test worker] DEBUG org.springframework.test.context.support.ActiveProfilesUtils - Could not find an 'annotation declaring class' for annotation type [org.springframework.test.context.ActiveProfiles] and class [cn.beagile.dslquery.IntegrationTest]
19:43:31.857 [Test worker] DEBUG org.springframework.boot.test.context.SpringBootTestContextBootstrapper - @TestExecutionListeners is not present for class [cn.beagile.dslquery.IntegrationTest]: using defaults.
19:43:31.858 [Test worker] INFO org.springframework.boot.test.context.SpringBootTestContextBootstrapper - Loaded default TestExecutionListener class names from location [META-INF/spring.factories]: [org.springframework.boot.test.autoconfigure.restdocs.RestDocsTestExecutionListener, org.springframework.boot.test.autoconfigure.web.client.MockRestServiceServerResetTestExecutionListener, org.springframework.boot.test.autoconfigure.web.servlet.MockMvcPrintOnlyOnFailureTestExecutionListener, org.springframework.boot.test.autoconfigure.web.servlet.WebDriverTestExecutionListener, org.springframework.boot.test.autoconfigure.webservices.client.MockWebServiceServerTestExecutionListener, org.springframework.boot.test.mock.mockito.MockitoTestExecutionListener, org.springframework.boot.test.mock.mockito.ResetMocksTestExecutionListener, org.springframework.test.context.web.ServletTestExecutionListener, org.springframework.test.context.support.DirtiesContextBeforeModesTestExecutionListener, org.springframework.test.context.event.ApplicationEventsTestExecutionListener, org.springframework.test.context.support.DependencyInjectionTestExecutionListener, org.springframework.test.context.support.DirtiesContextTestExecutionListener, org.springframework.test.context.transaction.TransactionalTestExecutionListener, org.springframework.test.context.jdbc.SqlScriptsTestExecutionListener, org.springframework.test.context.event.EventPublishingTestExecutionListener]
19:43:31.870 [Test worker] DEBUG org.springframework.boot.test.context.SpringBootTestContextBootstrapper - Skipping candidate TestExecutionListener [org.springframework.test.context.web.ServletTestExecutionListener] due to a missing dependency. Specify custom listener classes or make the default listener classes and their required dependencies available. Offending class: [javax/servlet/ServletContext]
19:43:31.881 [Test worker] INFO org.springframework.boot.test.context.SpringBootTestContextBootstrapper - Using TestExecutionListeners: [org.springframework.test.context.support.DirtiesContextBeforeModesTestExecutionListener@15a835a6, org.springframework.test.context.event.ApplicationEventsTestExecutionListener@35a93e01, org.springframework.boot.test.mock.mockito.MockitoTestExecutionListener@117b7803, org.springframework.boot.test.autoconfigure.SpringBootDependencyInjectionTestExecutionListener@18dd38ad, org.springframework.test.context.support.DirtiesContextTestExecutionListener@4c8c3b15, org.springframework.test.context.transaction.TransactionalTestExecutionListener@30a95db3, org.springframework.test.context.jdbc.SqlScriptsTestExecutionListener@7ad880c5, org.springframework.test.context.event.EventPublishingTestExecutionListener@b31d763, org.springframework.boot.test.autoconfigure.restdocs.RestDocsTestExecutionListener@26481183, org.springframework.boot.test.autoconfigure.web.client.MockRestServiceServerResetTestExecutionListener@5c76943c, org.springframework.boot.test.autoconfigure.web.servlet.MockMvcPrintOnlyOnFailureTestExecutionListener@6296e9df, org.springframework.boot.test.autoconfigure.web.servlet.WebDriverTestExecutionListener@6799a021, org.springframework.boot.test.autoconfigure.webservices.client.MockWebServiceServerTestExecutionListener@13b7158, org.springframework.boot.test.mock.mockito.ResetMocksTestExecutionListener@6904c237]
19:43:31.886 [Test worker] DEBUG org.springframework.test.context.support.AbstractDirtiesContextTestExecutionListener - Before test class: context [DefaultTestContext@64f4c707 testClass = IntegrationTest, testInstance = [null], testMethod = [null], testException = [null], mergedContextConfiguration = [MergedContextConfiguration@14a09b43 testClass = IntegrationTest, locations = '{}', classes = '{class cn.beagile.dslquery.TestApplication}', contextInitializerClasses = '[]', activeProfiles = '{}', propertySourceLocations = '{}', propertySourceProperties = '{org.springframework.boot.test.context.SpringBootTestContextBootstrapper=true}', contextCustomizers = set[org.springframework.boot.test.autoconfigure.actuate.metrics.MetricsExportContextCustomizerFactory$DisableMetricExportContextCustomizer@548e8810, org.springframework.boot.test.autoconfigure.properties.PropertyMappingContextCustomizer@0, org.springframework.boot.test.autoconfigure.web.servlet.WebDriverContextCustomizerFactory$Customizer@478bd115, org.springframework.boot.test.context.filter.ExcludeFilterContextCustomizer@fdaa04b, org.springframework.boot.test.json.DuplicateJsonObjectContextCustomizerFactory$DuplicateJsonObjectContextCustomizer@4a93f054, org.springframework.boot.test.mock.mockito.MockitoContextCustomizer@0, org.springframework.boot.test.web.client.TestRestTemplateContextCustomizer@659b8df6, org.springframework.boot.test.context.SpringBootTestArgs@1, org.springframework.boot.test.context.SpringBootTestWebEnvironment@e68b79e], contextLoader = 'org.springframework.boot.test.context.SpringBootContextLoader', parent = [null]], attributes = map[[empty]]], class annotated with @DirtiesContext [false] with mode [null].
19:43:31.894 [Test worker] DEBUG org.springframework.test.context.support.DependencyInjectionTestExecutionListener - Performing dependency injection for test context [[DefaultTestContext@64f4c707 testClass = IntegrationTest, testInstance = cn.beagile.dslquery.IntegrationTest@330d0bca, testMethod = [null], testException = [null], mergedContextConfiguration = [MergedContextConfiguration@14a09b43 testClass = IntegrationTest, locations = '{}', classes = '{class cn.beagile.dslquery.TestApplication}', contextInitializerClasses = '[]', activeProfiles = '{}', propertySourceLocations = '{}', propertySourceProperties = '{org.springframework.boot.test.context.SpringBootTestContextBootstrapper=true}', contextCustomizers = set[org.springframework.boot.test.autoconfigure.actuate.metrics.MetricsExportContextCustomizerFactory$DisableMetricExportContextCustomizer@548e8810, org.springframework.boot.test.autoconfigure.properties.PropertyMappingContextCustomizer@0, org.springframework.boot.test.autoconfigure.web.servlet.WebDriverContextCustomizerFactory$Customizer@478bd115, org.springframework.boot.test.context.filter.ExcludeFilterContextCustomizer@fdaa04b, org.springframework.boot.test.json.DuplicateJsonObjectContextCustomizerFactory$DuplicateJsonObjectContextCustomizer@4a93f054, org.springframework.boot.test.mock.mockito.MockitoContextCustomizer@0, org.springframework.boot.test.web.client.TestRestTemplateContextCustomizer@659b8df6, org.springframework.boot.test.context.SpringBootTestArgs@1, org.springframework.boot.test.context.SpringBootTestWebEnvironment@e68b79e], contextLoader = 'org.springframework.boot.test.context.SpringBootContextLoader', parent = [null]], attributes = map['org.springframework.test.context.event.ApplicationEventsTestExecutionListener.recordApplicationEvents' -> false]]].
19:43:31.939 [Test worker] DEBUG org.springframework.test.context.support.TestPropertySourceUtils - Adding inlined properties to environment: {spring.jmx.enabled=false, org.springframework.boot.test.context.SpringBootTestContextBootstrapper=true}

  .   ____          _            __ _ _
 /\\ / ___'_ __ _ _(_)_ __  __ _ \ \ \ \
( ( )\___ | '_ | '_| | '_ \/ _` | \ \ \ \
 \\/  ___)| |_)| | | | | || (_| |  ) ) ) )
  '  |____| .__|_| |_|_| |_\__, | / / / /
 =========|_|==============|___/=/_/_/_/
 :: Spring Boot ::                (v2.5.6)

2023-06-22 19:43:32.359  INFO 60041 --- [    Test worker] cn.beagile.dslquery.IntegrationTest      : Starting IntegrationTest using Java 1.8.0_291 on dengzhiguodeMacBook-Pro.local with PID 60041 (started by dengzhiguo in /Users/dengzhiguo/Workspace/dslquery)
2023-06-22 19:43:32.362  INFO 60041 --- [    Test worker] cn.beagile.dslquery.IntegrationTest      : No active profile set, falling back to default profiles: default
2023-06-22 19:43:33.013  INFO 60041 --- [    Test worker] .s.d.r.c.RepositoryConfigurationDelegate : Bootstrapping Spring Data JPA repositories in DEFAULT mode.
2023-06-22 19:43:33.036  INFO 60041 --- [    Test worker] .s.d.r.c.RepositoryConfigurationDelegate : Finished Spring Data repository scanning in 12 ms. Found 0 JPA repository interfaces.
2023-06-22 19:43:33.629  INFO 60041 --- [    Test worker] o.t.utility.ImageNameSubstitutor         : Image name substitution will be performed by: DefaultImageNameSubstitutor (composite of 'ConfigurationFileImageNameSubstitutor' and 'PrefixingImageNameSubstitutor')
2023-06-22 19:43:33.716  INFO 60041 --- [    Test worker] o.t.d.DockerClientProviderStrategy       : Loaded org.testcontainers.dockerclient.UnixSocketClientProviderStrategy from ~/.testcontainers.properties, will try it first
2023-06-22 19:43:34.846  INFO 60041 --- [    Test worker] o.t.d.DockerClientProviderStrategy       : Found Docker environment with local Unix socket (unix:///var/run/docker.sock)
2023-06-22 19:43:34.848  INFO 60041 --- [    Test worker] org.testcontainers.DockerClientFactory   : Docker host IP address is localhost
2023-06-22 19:43:34.896  INFO 60041 --- [    Test worker] org.testcontainers.DockerClientFactory   : Connected to docker: 
  Server Version: 20.10.17
  API Version: 1.41
  Operating System: Docker Desktop
  Total Memory: 7960 MB
2023-06-22 19:43:34.908  INFO 60041 --- [    Test worker] org.testcontainers.DockerClientFactory   : Checking the system...
2023-06-22 19:43:34.909  INFO 60041 --- [    Test worker] org.testcontainers.DockerClientFactory   : ✔︎ Docker server version should be at least 1.6.0
2023-06-22 19:43:36.289  INFO 60041 --- [    Test worker] org.testcontainers.DockerClientFactory   : ✔︎ Docker environment should have more than 2GB free disk space
2023-06-22 19:43:36.440  INFO 60041 --- [    Test worker] ]]>&#x1f433;<![CDATA[ [mysql:5.7.28]                        : Creating container for image: mysql:5.7.28
2023-06-22 19:43:36.534  INFO 60041 --- [    Test worker] ]]>&#x1f433;<![CDATA[ [mysql:5.7.28]                        : Reusing container with ID: b4ec54cdc3f7ad21feb956f0285573386b25f0cdfa547b23e7bed94ccbfbc104 and hash: 48dc79dd9b277b45b98c0de3d11190226bf94024
2023-06-22 19:43:36.535  INFO 60041 --- [    Test worker] ]]>&#x1f433;<![CDATA[ [mysql:5.7.28]                        : Reusing existing container (b4ec54cdc3f7ad21feb956f0285573386b25f0cdfa547b23e7bed94ccbfbc104) and not creating a new one
2023-06-22 19:43:36.609  INFO 60041 --- [    Test worker] ]]>&#x1f433;<![CDATA[ [mysql:5.7.28]                        : Waiting for database connection to become available at jdbc:mysql://localhost:63467/test using query 'SELECT 1'
2023-06-22 19:43:37.110  INFO 60041 --- [    Test worker] ]]>&#x1f433;<![CDATA[ [mysql:5.7.28]                        : Container is started (JDBC URL: jdbc:mysql://localhost:63467/test)
2023-06-22 19:43:37.111  INFO 60041 --- [    Test worker] ]]>&#x1f433;<![CDATA[ [mysql:5.7.28]                        : Container mysql:5.7.28 started in PT0.671S
2023-06-22 19:43:37.198  INFO 60041 --- [    Test worker] o.f.c.internal.license.VersionPrinter    : Flyway Community Edition 5.2.4 by Boxfuse
2023-06-22 19:43:37.213  INFO 60041 --- [    Test worker] com.zaxxer.hikari.HikariDataSource       : HikariPool-1 - Starting...
2023-06-22 19:43:37.613  INFO 60041 --- [    Test worker] com.zaxxer.hikari.HikariDataSource       : HikariPool-1 - Start completed.
2023-06-22 19:43:37.624  INFO 60041 --- [    Test worker] o.f.c.internal.database.DatabaseFactory  : Database: jdbc:mysql://localhost:63467/test (MySQL 5.7)
2023-06-22 19:43:37.775  INFO 60041 --- [    Test worker] o.f.core.internal.command.DbValidate     : Successfully validated 1 migration (execution time 00:00.050s)
2023-06-22 19:43:37.809  INFO 60041 --- [    Test worker] o.f.core.internal.command.DbMigrate      : Current version of schema `test`: 1
2023-06-22 19:43:37.814  INFO 60041 --- [    Test worker] o.f.core.internal.command.DbMigrate      : Schema `test` is up to date. No migration necessary.
2023-06-22 19:43:38.443  INFO 60041 --- [    Test worker] o.hibernate.jpa.internal.util.LogHelper  : HHH000204: Processing PersistenceUnitInfo [name: default]
2023-06-22 19:43:38.575  INFO 60041 --- [    Test worker] org.hibernate.Version                    : HHH000412: Hibernate ORM core version 5.4.32.Final
2023-06-22 19:43:38.678  INFO 60041 --- [    Test worker] o.hibernate.annotations.common.Version   : HCANN000001: Hibernate Commons Annotations {5.1.2.Final}
2023-06-22 19:43:38.924  INFO 60041 --- [    Test worker] org.hibernate.dialect.Dialect            : HHH000400: Using dialect: org.hibernate.dialect.MySQL57Dialect
2023-06-22 19:43:39.280  INFO 60041 --- [    Test worker] o.h.e.t.j.p.i.JtaPlatformInitiator       : HHH000490: Using JtaPlatform implementation: [org.hibernate.engine.transaction.jta.platform.internal.NoJtaPlatform]
2023-06-22 19:43:39.297  INFO 60041 --- [    Test worker] j.LocalContainerEntityManagerFactoryBean : Initialized JPA EntityManagerFactory for persistence unit 'default'
2023-06-22 19:43:39.553  INFO 60041 --- [    Test worker] cn.beagile.dslquery.IntegrationTest      : Started IntegrationTest in 7.611 seconds (JVM running for 11.343)
]]></system-out>
  <system-err><![CDATA[]]></system-err>
</testsuite>
