<?xml version="1.0" encoding="UTF-8"?>
<testsuite name="cn.beagile.dslquery.DefaultResultSetReaderTest" tests="3" skipped="0" failures="0" errors="0" timestamp="2023-06-22T07:14:43" hostname="dengzhiguodeMacBook-Pro.local" time="0.717">
  <properties/>
  <testcase name="should_read_decimal_field()" classname="cn.beagile.dslquery.DefaultResultSetReaderTest" time="0.713"/>
  <testcase name="should_read_int_field()" classname="cn.beagile.dslquery.DefaultResultSetReaderTest" time="0.002"/>
  <testcase name="should_read_string_field()" classname="cn.beagile.dslquery.DefaultResultSetReaderTest" time="0.002"/>
  <system-out><![CDATA[]]></system-out>
  <system-err><![CDATA[]]></system-err>
</testsuite>
