<?xml version="1.0" encoding="UTF-8"?>
<testsuite name="cn.beagile.dslquery.DSLQueryTest" tests="11" skipped="0" failures="0" errors="0" timestamp="2023-06-23T02:24:17" hostname="dengzhiguodeMacBook-Pro.local" time="0.081">
  <properties/>
  <testcase name="should_execute_with_2_where()" classname="cn.beagile.dslquery.DSLQueryTest" time="0.056"/>
  <testcase name="should_execute_query_with_actual_field_name()" classname="cn.beagile.dslquery.DSLQueryTest" time="0.003"/>
  <testcase name="should_execute_query_with_limit()" classname="cn.beagile.dslquery.DSLQueryTest" time="0.002"/>
  <testcase name="should_execute_query_with_where()" classname="cn.beagile.dslquery.DSLQueryTest" time="0.002"/>
  <testcase name="should_execute_query_with_sort()" classname="cn.beagile.dslquery.DSLQueryTest" time="0.003"/>
  <testcase name="should_execute_query_without_filter_sort_page()" classname="cn.beagile.dslquery.DSLQueryTest" time="0.001"/>
  <testcase name="should_execute_query_with_field_alias()" classname="cn.beagile.dslquery.DSLQueryTest" time="0.002"/>
  <testcase name="should_execute_query_without_limit()" classname="cn.beagile.dslquery.DSLQueryTest" time="0.002"/>
  <testcase name="should_execute_query_with_sort_asc()" classname="cn.beagile.dslquery.DSLQueryTest" time="0.001"/>
  <testcase name="should_execute_query_with_multiple_fields()" classname="cn.beagile.dslquery.DSLQueryTest" time="0.001"/>
  <testcase name="should_execute_query_with_complex_where()" classname="cn.beagile.dslquery.DSLQueryTest" time="0.002"/>
  <system-out><![CDATA[[(age greaterthan 20)]
[(name equal bob)]
[(or(name equal bob)(name equal alice)), (age greaterthan 20)]
[(name equal bob), (name equal alice)]
[(name equal bob)]
[(or(name equal bob)(name equal alice)), (age greaterthan 20)]
[(name equal bob), (name equal alice)]
]]></system-out>
  <system-err><![CDATA[]]></system-err>
</testsuite>
