<?xml version="1.0" encoding="UTF-8"?>
<testsuite name="cn.beagile.dslquery.IntegrationTest" tests="5" skipped="0" failures="0" errors="0" timestamp="2023-06-23T02:24:29" hostname="dengzhiguodeMacBook-Pro.local" time="0.071">
  <properties/>
  <testcase name="should_query()" classname="cn.beagile.dslquery.IntegrationTest" time="0.032"/>
  <testcase name="should_query_by_born_at()" classname="cn.beagile.dslquery.IntegrationTest" time="0.019"/>
  <testcase name="should_return1_when_add_where()" classname="cn.beagile.dslquery.IntegrationTest" time="0.006"/>
  <testcase name="should_return_empty_when_wrong_page()" classname="cn.beagile.dslquery.IntegrationTest" time="0.006"/>
  <testcase name="should_query_with_order()" classname="cn.beagile.dslquery.IntegrationTest" time="0.005"/>
  <system-out><![CDATA[10:24:18.281 [Test worker] DEBUG org.springframework.test.context.BootstrapUtils - Instantiating CacheAwareContextLoaderDelegate from class [org.springframework.test.context.cache.DefaultCacheAwareContextLoaderDelegate]
10:24:18.312 [Test worker] DEBUG org.springframework.test.context.BootstrapUtils - Instantiating BootstrapContext using constructor [public org.springframework.test.context.support.DefaultBootstrapContext(java.lang.Class,org.springframework.test.context.CacheAwareContextLoaderDelegate)]
10:24:18.380 [Test worker] DEBUG org.springframework.test.context.BootstrapUtils - Instantiating TestContextBootstrapper for test class [cn.beagile.dslquery.IntegrationTest] from class [org.springframework.boot.test.context.SpringBootTestContextBootstrapper]
10:24:18.402 [Test worker] INFO org.springframework.boot.test.context.SpringBootTestContextBootstrapper - Neither @ContextConfiguration nor @ContextHierarchy found for test class [cn.beagile.dslquery.IntegrationTest], using SpringBootContextLoader
10:24:18.407 [Test worker] DEBUG org.springframework.test.context.support.AbstractContextLoader - Did not detect default resource location for test class [cn.beagile.dslquery.IntegrationTest]: class path resource [cn/beagile/dslquery/IntegrationTest-context.xml] does not exist
10:24:18.408 [Test worker] DEBUG org.springframework.test.context.support.AbstractContextLoader - Did not detect default resource location for test class [cn.beagile.dslquery.IntegrationTest]: class path resource [cn/beagile/dslquery/IntegrationTestContext.groovy] does not exist
10:24:18.408 [Test worker] INFO org.springframework.test.context.support.AbstractContextLoader - Could not detect default resource locations for test class [cn.beagile.dslquery.IntegrationTest]: no resource found for suffixes {-context.xml, Context.groovy}.
10:24:18.463 [Test worker] DEBUG org.springframework.test.context.support.ActiveProfilesUtils - Could not find an 'annotation declaring class' for annotation type [org.springframework.test.context.ActiveProfiles] and class [cn.beagile.dslquery.IntegrationTest]
10:24:18.633 [Test worker] DEBUG org.springframework.boot.test.context.SpringBootTestContextBootstrapper - @TestExecutionListeners is not present for class [cn.beagile.dslquery.IntegrationTest]: using defaults.
10:24:18.634 [Test worker] INFO org.springframework.boot.test.context.SpringBootTestContextBootstrapper - Loaded default TestExecutionListener class names from location [META-INF/spring.factories]: [org.springframework.boot.test.autoconfigure.restdocs.RestDocsTestExecutionListener, org.springframework.boot.test.autoconfigure.web.client.MockRestServiceServerResetTestExecutionListener, org.springframework.boot.test.autoconfigure.web.servlet.MockMvcPrintOnlyOnFailureTestExecutionListener, org.springframework.boot.test.autoconfigure.web.servlet.WebDriverTestExecutionListener, org.springframework.boot.test.autoconfigure.webservices.client.MockWebServiceServerTestExecutionListener, org.springframework.boot.test.mock.mockito.MockitoTestExecutionListener, org.springframework.boot.test.mock.mockito.ResetMocksTestExecutionListener, org.springframework.test.context.web.ServletTestExecutionListener, org.springframework.test.context.support.DirtiesContextBeforeModesTestExecutionListener, org.springframework.test.context.event.ApplicationEventsTestExecutionListener, org.springframework.test.context.support.DependencyInjectionTestExecutionListener, org.springframework.test.context.support.DirtiesContextTestExecutionListener, org.springframework.test.context.transaction.TransactionalTestExecutionListener, org.springframework.test.context.jdbc.SqlScriptsTestExecutionListener, org.springframework.test.context.event.EventPublishingTestExecutionListener]
10:24:18.680 [Test worker] DEBUG org.springframework.boot.test.context.SpringBootTestContextBootstrapper - Skipping candidate TestExecutionListener [org.springframework.test.context.web.ServletTestExecutionListener] due to a missing dependency. Specify custom listener classes or make the default listener classes and their required dependencies available. Offending class: [javax/servlet/ServletContext]
10:24:18.710 [Test worker] INFO org.springframework.boot.test.context.SpringBootTestContextBootstrapper - Using TestExecutionListeners: [org.springframework.test.context.support.DirtiesContextBeforeModesTestExecutionListener@5283973d, org.springframework.test.context.event.ApplicationEventsTestExecutionListener@3fd50f79, org.springframework.boot.test.mock.mockito.MockitoTestExecutionListener@609c6fd9, org.springframework.boot.test.autoconfigure.SpringBootDependencyInjectionTestExecutionListener@4d7c8c11, org.springframework.test.context.support.DirtiesContextTestExecutionListener@308d0fc, org.springframework.test.context.transaction.TransactionalTestExecutionListener@14b1a923, org.springframework.test.context.jdbc.SqlScriptsTestExecutionListener@17d0fecb, org.springframework.test.context.event.EventPublishingTestExecutionListener@3ee5e424, org.springframework.boot.test.autoconfigure.restdocs.RestDocsTestExecutionListener@7baf5c34, org.springframework.boot.test.autoconfigure.web.client.MockRestServiceServerResetTestExecutionListener@624e0ad3, org.springframework.boot.test.autoconfigure.web.servlet.MockMvcPrintOnlyOnFailureTestExecutionListener@72f896f7, org.springframework.boot.test.autoconfigure.web.servlet.WebDriverTestExecutionListener@632d9848, org.springframework.boot.test.autoconfigure.webservices.client.MockWebServiceServerTestExecutionListener@62e226e5, org.springframework.boot.test.mock.mockito.ResetMocksTestExecutionListener@7068b0f8]
10:24:18.720 [Test worker] DEBUG org.springframework.test.context.support.AbstractDirtiesContextTestExecutionListener - Before test class: context [DefaultTestContext@775cc3f1 testClass = IntegrationTest, testInstance = [null], testMethod = [null], testException = [null], mergedContextConfiguration = [MergedContextConfiguration@3e1a5f7a testClass = IntegrationTest, locations = '{}', classes = '{class cn.beagile.dslquery.TestApplication}', contextInitializerClasses = '[]', activeProfiles = '{}', propertySourceLocations = '{}', propertySourceProperties = '{org.springframework.boot.test.context.SpringBootTestContextBootstrapper=true}', contextCustomizers = set[org.springframework.boot.test.autoconfigure.actuate.metrics.MetricsExportContextCustomizerFactory$DisableMetricExportContextCustomizer@7c518688, org.springframework.boot.test.autoconfigure.properties.PropertyMappingContextCustomizer@0, org.springframework.boot.test.autoconfigure.web.servlet.WebDriverContextCustomizerFactory$Customizer@2e3f5111, org.springframework.boot.test.context.filter.ExcludeFilterContextCustomizer@57bf2684, org.springframework.boot.test.json.DuplicateJsonObjectContextCustomizerFactory$DuplicateJsonObjectContextCustomizer@37ba883, org.springframework.boot.test.mock.mockito.MockitoContextCustomizer@0, org.springframework.boot.test.web.client.TestRestTemplateContextCustomizer@1b3953cb, org.springframework.boot.test.context.SpringBootTestArgs@1, org.springframework.boot.test.context.SpringBootTestWebEnvironment@35d12dbd], contextLoader = 'org.springframework.boot.test.context.SpringBootContextLoader', parent = [null]], attributes = map[[empty]]], class annotated with @DirtiesContext [false] with mode [null].
10:24:18.736 [Test worker] DEBUG org.springframework.test.context.support.DependencyInjectionTestExecutionListener - Performing dependency injection for test context [[DefaultTestContext@775cc3f1 testClass = IntegrationTest, testInstance = cn.beagile.dslquery.IntegrationTest@19059e16, testMethod = [null], testException = [null], mergedContextConfiguration = [MergedContextConfiguration@3e1a5f7a testClass = IntegrationTest, locations = '{}', classes = '{class cn.beagile.dslquery.TestApplication}', contextInitializerClasses = '[]', activeProfiles = '{}', propertySourceLocations = '{}', propertySourceProperties = '{org.springframework.boot.test.context.SpringBootTestContextBootstrapper=true}', contextCustomizers = set[org.springframework.boot.test.autoconfigure.actuate.metrics.MetricsExportContextCustomizerFactory$DisableMetricExportContextCustomizer@7c518688, org.springframework.boot.test.autoconfigure.properties.PropertyMappingContextCustomizer@0, org.springframework.boot.test.autoconfigure.web.servlet.WebDriverContextCustomizerFactory$Customizer@2e3f5111, org.springframework.boot.test.context.filter.ExcludeFilterContextCustomizer@57bf2684, org.springframework.boot.test.json.DuplicateJsonObjectContextCustomizerFactory$DuplicateJsonObjectContextCustomizer@37ba883, org.springframework.boot.test.mock.mockito.MockitoContextCustomizer@0, org.springframework.boot.test.web.client.TestRestTemplateContextCustomizer@1b3953cb, org.springframework.boot.test.context.SpringBootTestArgs@1, org.springframework.boot.test.context.SpringBootTestWebEnvironment@35d12dbd], contextLoader = 'org.springframework.boot.test.context.SpringBootContextLoader', parent = [null]], attributes = map['org.springframework.test.context.event.ApplicationEventsTestExecutionListener.recordApplicationEvents' -> false]]].
10:24:18.802 [Test worker] DEBUG org.springframework.test.context.support.TestPropertySourceUtils - Adding inlined properties to environment: {spring.jmx.enabled=false, org.springframework.boot.test.context.SpringBootTestContextBootstrapper=true}

  .   ____          _            __ _ _
 /\\ / ___'_ __ _ _(_)_ __  __ _ \ \ \ \
( ( )\___ | '_ | '_| | '_ \/ _` | \ \ \ \
 \\/  ___)| |_)| | | | | || (_| |  ) ) ) )
  '  |____| .__|_| |_|_| |_\__, | / / / /
 =========|_|==============|___/=/_/_/_/
 :: Spring Boot ::                (v2.5.6)

2023-06-23 10:24:19.219  INFO 73555 --- [    Test worker] cn.beagile.dslquery.IntegrationTest      : Starting IntegrationTest using Java 1.8.0_291 on dengzhiguodeMacBook-Pro.local with PID 73555 (started by dengzhiguo in /Users/dengzhiguo/Workspace/dslquery)
2023-06-23 10:24:19.222  INFO 73555 --- [    Test worker] cn.beagile.dslquery.IntegrationTest      : No active profile set, falling back to default profiles: default
2023-06-23 10:24:19.890  INFO 73555 --- [    Test worker] .s.d.r.c.RepositoryConfigurationDelegate : Bootstrapping Spring Data JPA repositories in DEFAULT mode.
2023-06-23 10:24:19.917  INFO 73555 --- [    Test worker] .s.d.r.c.RepositoryConfigurationDelegate : Finished Spring Data repository scanning in 11 ms. Found 0 JPA repository interfaces.
2023-06-23 10:24:20.515  INFO 73555 --- [    Test worker] o.t.utility.ImageNameSubstitutor         : Image name substitution will be performed by: DefaultImageNameSubstitutor (composite of 'ConfigurationFileImageNameSubstitutor' and 'PrefixingImageNameSubstitutor')
2023-06-23 10:24:20.627  INFO 73555 --- [    Test worker] o.t.d.DockerClientProviderStrategy       : Loaded org.testcontainers.dockerclient.UnixSocketClientProviderStrategy from ~/.testcontainers.properties, will try it first
2023-06-23 10:24:24.678  INFO 73555 --- [    Test worker] o.t.d.DockerClientProviderStrategy       : Found Docker environment with local Unix socket (unix:///var/run/docker.sock)
2023-06-23 10:24:24.681  INFO 73555 --- [    Test worker] org.testcontainers.DockerClientFactory   : Docker host IP address is localhost
2023-06-23 10:24:24.730  INFO 73555 --- [    Test worker] org.testcontainers.DockerClientFactory   : Connected to docker: 
  Server Version: 20.10.17
  API Version: 1.41
  Operating System: Docker Desktop
  Total Memory: 7960 MB
2023-06-23 10:24:24.748  INFO 73555 --- [    Test worker] org.testcontainers.DockerClientFactory   : Checking the system...
2023-06-23 10:24:24.748  INFO 73555 --- [    Test worker] org.testcontainers.DockerClientFactory   : ✔︎ Docker server version should be at least 1.6.0
2023-06-23 10:24:26.178  INFO 73555 --- [    Test worker] org.testcontainers.DockerClientFactory   : ✔︎ Docker environment should have more than 2GB free disk space
2023-06-23 10:24:26.424  INFO 73555 --- [    Test worker] ]]>&#x1f433;<![CDATA[ [mysql:5.7.28]                        : Creating container for image: mysql:5.7.28
2023-06-23 10:24:26.562  INFO 73555 --- [    Test worker] ]]>&#x1f433;<![CDATA[ [mysql:5.7.28]                        : Reusing container with ID: b4ec54cdc3f7ad21feb956f0285573386b25f0cdfa547b23e7bed94ccbfbc104 and hash: 48dc79dd9b277b45b98c0de3d11190226bf94024
2023-06-23 10:24:26.563  INFO 73555 --- [    Test worker] ]]>&#x1f433;<![CDATA[ [mysql:5.7.28]                        : Reusing existing container (b4ec54cdc3f7ad21feb956f0285573386b25f0cdfa547b23e7bed94ccbfbc104) and not creating a new one
2023-06-23 10:24:26.588  INFO 73555 --- [    Test worker] ]]>&#x1f433;<![CDATA[ [mysql:5.7.28]                        : Waiting for database connection to become available at jdbc:mysql://localhost:63467/test using query 'SELECT 1'
2023-06-23 10:24:27.186  INFO 73555 --- [    Test worker] ]]>&#x1f433;<![CDATA[ [mysql:5.7.28]                        : Container is started (JDBC URL: jdbc:mysql://localhost:63467/test)
2023-06-23 10:24:27.186  INFO 73555 --- [    Test worker] ]]>&#x1f433;<![CDATA[ [mysql:5.7.28]                        : Container mysql:5.7.28 started in PT0.763S
2023-06-23 10:24:27.267  INFO 73555 --- [    Test worker] o.f.c.internal.license.VersionPrinter    : Flyway Community Edition 5.2.4 by Boxfuse
2023-06-23 10:24:27.284  INFO 73555 --- [    Test worker] com.zaxxer.hikari.HikariDataSource       : HikariPool-1 - Starting...
2023-06-23 10:24:27.759  INFO 73555 --- [    Test worker] com.zaxxer.hikari.HikariDataSource       : HikariPool-1 - Start completed.
2023-06-23 10:24:27.772  INFO 73555 --- [    Test worker] o.f.c.internal.database.DatabaseFactory  : Database: jdbc:mysql://localhost:63467/test (MySQL 5.7)
2023-06-23 10:24:27.964  INFO 73555 --- [    Test worker] o.f.core.internal.command.DbValidate     : Successfully validated 1 migration (execution time 00:00.052s)
2023-06-23 10:24:28.005  INFO 73555 --- [    Test worker] o.f.core.internal.command.DbMigrate      : Current version of schema `test`: 1
2023-06-23 10:24:28.008  INFO 73555 --- [    Test worker] o.f.core.internal.command.DbMigrate      : Schema `test` is up to date. No migration necessary.
2023-06-23 10:24:28.663  INFO 73555 --- [    Test worker] o.hibernate.jpa.internal.util.LogHelper  : HHH000204: Processing PersistenceUnitInfo [name: default]
2023-06-23 10:24:28.821  INFO 73555 --- [    Test worker] org.hibernate.Version                    : HHH000412: Hibernate ORM core version 5.4.32.Final
2023-06-23 10:24:28.915  INFO 73555 --- [    Test worker] o.hibernate.annotations.common.Version   : HCANN000001: Hibernate Commons Annotations {5.1.2.Final}
2023-06-23 10:24:29.189  INFO 73555 --- [    Test worker] org.hibernate.dialect.Dialect            : HHH000400: Using dialect: org.hibernate.dialect.MySQL57Dialect
2023-06-23 10:24:29.621  INFO 73555 --- [    Test worker] o.h.e.t.j.p.i.JtaPlatformInitiator       : HHH000490: Using JtaPlatform implementation: [org.hibernate.engine.transaction.jta.platform.internal.NoJtaPlatform]
2023-06-23 10:24:29.638  INFO 73555 --- [    Test worker] j.LocalContainerEntityManagerFactoryBean : Initialized JPA EntityManagerFactory for persistence unit 'default'
2023-06-23 10:24:29.821  INFO 73555 --- [    Test worker] cn.beagile.dslquery.IntegrationTest      : Started IntegrationTest in 11.015 seconds (JVM running for 14.63)
[(bornAt greaterthan 1980-01-01 12:00:00)]
[(name equal bob)]
]]></system-out>
  <system-err><![CDATA[]]></system-err>
</testsuite>
