<?xml version="1.0" encoding="UTF-8"?>
<testsuite name="cn.beagile.dslquery.IntegrationTest" tests="5" skipped="0" failures="0" errors="0" timestamp="2023-06-22T11:30:56" hostname="dengzhiguodeMacBook-Pro.local" time="0.082">
  <properties/>
  <testcase name="should_query()" classname="cn.beagile.dslquery.IntegrationTest" time="0.034"/>
  <testcase name="should_query_by_born_at()" classname="cn.beagile.dslquery.IntegrationTest" time="0.022"/>
  <testcase name="should_return1_when_add_where()" classname="cn.beagile.dslquery.IntegrationTest" time="0.005"/>
  <testcase name="should_return_empty_when_wrong_page()" classname="cn.beagile.dslquery.IntegrationTest" time="0.006"/>
  <testcase name="should_query_with_order()" classname="cn.beagile.dslquery.IntegrationTest" time="0.011"/>
  <system-out><![CDATA[19:30:48.100 [Test worker] DEBUG org.springframework.test.context.BootstrapUtils - Instantiating CacheAwareContextLoaderDelegate from class [org.springframework.test.context.cache.DefaultCacheAwareContextLoaderDelegate]
19:30:48.117 [Test worker] DEBUG org.springframework.test.context.BootstrapUtils - Instantiating BootstrapContext using constructor [public org.springframework.test.context.support.DefaultBootstrapContext(java.lang.Class,org.springframework.test.context.CacheAwareContextLoaderDelegate)]
19:30:48.174 [Test worker] DEBUG org.springframework.test.context.BootstrapUtils - Instantiating TestContextBootstrapper for test class [cn.beagile.dslquery.IntegrationTest] from class [org.springframework.boot.test.context.SpringBootTestContextBootstrapper]
19:30:48.195 [Test worker] INFO org.springframework.boot.test.context.SpringBootTestContextBootstrapper - Neither @ContextConfiguration nor @ContextHierarchy found for test class [cn.beagile.dslquery.IntegrationTest], using SpringBootContextLoader
19:30:48.200 [Test worker] DEBUG org.springframework.test.context.support.AbstractContextLoader - Did not detect default resource location for test class [cn.beagile.dslquery.IntegrationTest]: class path resource [cn/beagile/dslquery/IntegrationTest-context.xml] does not exist
19:30:48.200 [Test worker] DEBUG org.springframework.test.context.support.AbstractContextLoader - Did not detect default resource location for test class [cn.beagile.dslquery.IntegrationTest]: class path resource [cn/beagile/dslquery/IntegrationTestContext.groovy] does not exist
19:30:48.200 [Test worker] INFO org.springframework.test.context.support.AbstractContextLoader - Could not detect default resource locations for test class [cn.beagile.dslquery.IntegrationTest]: no resource found for suffixes {-context.xml, Context.groovy}.
19:30:48.259 [Test worker] DEBUG org.springframework.test.context.support.ActiveProfilesUtils - Could not find an 'annotation declaring class' for annotation type [org.springframework.test.context.ActiveProfiles] and class [cn.beagile.dslquery.IntegrationTest]
19:30:48.402 [Test worker] DEBUG org.springframework.boot.test.context.SpringBootTestContextBootstrapper - @TestExecutionListeners is not present for class [cn.beagile.dslquery.IntegrationTest]: using defaults.
19:30:48.403 [Test worker] INFO org.springframework.boot.test.context.SpringBootTestContextBootstrapper - Loaded default TestExecutionListener class names from location [META-INF/spring.factories]: [org.springframework.boot.test.autoconfigure.restdocs.RestDocsTestExecutionListener, org.springframework.boot.test.autoconfigure.web.client.MockRestServiceServerResetTestExecutionListener, org.springframework.boot.test.autoconfigure.web.servlet.MockMvcPrintOnlyOnFailureTestExecutionListener, org.springframework.boot.test.autoconfigure.web.servlet.WebDriverTestExecutionListener, org.springframework.boot.test.autoconfigure.webservices.client.MockWebServiceServerTestExecutionListener, org.springframework.boot.test.mock.mockito.MockitoTestExecutionListener, org.springframework.boot.test.mock.mockito.ResetMocksTestExecutionListener, org.springframework.test.context.web.ServletTestExecutionListener, org.springframework.test.context.support.DirtiesContextBeforeModesTestExecutionListener, org.springframework.test.context.event.ApplicationEventsTestExecutionListener, org.springframework.test.context.support.DependencyInjectionTestExecutionListener, org.springframework.test.context.support.DirtiesContextTestExecutionListener, org.springframework.test.context.transaction.TransactionalTestExecutionListener, org.springframework.test.context.jdbc.SqlScriptsTestExecutionListener, org.springframework.test.context.event.EventPublishingTestExecutionListener]
19:30:48.419 [Test worker] DEBUG org.springframework.boot.test.context.SpringBootTestContextBootstrapper - Skipping candidate TestExecutionListener [org.springframework.test.context.web.ServletTestExecutionListener] due to a missing dependency. Specify custom listener classes or make the default listener classes and their required dependencies available. Offending class: [javax/servlet/ServletContext]
19:30:48.434 [Test worker] INFO org.springframework.boot.test.context.SpringBootTestContextBootstrapper - Using TestExecutionListeners: [org.springframework.test.context.support.DirtiesContextBeforeModesTestExecutionListener@49f8f849, org.springframework.test.context.event.ApplicationEventsTestExecutionListener@685ef8c8, org.springframework.boot.test.mock.mockito.MockitoTestExecutionListener@451a3b95, org.springframework.boot.test.autoconfigure.SpringBootDependencyInjectionTestExecutionListener@2b20ff51, org.springframework.test.context.support.DirtiesContextTestExecutionListener@251470cc, org.springframework.test.context.transaction.TransactionalTestExecutionListener@3a13541e, org.springframework.test.context.jdbc.SqlScriptsTestExecutionListener@2ec1165a, org.springframework.test.context.event.EventPublishingTestExecutionListener@237aea4, org.springframework.boot.test.autoconfigure.restdocs.RestDocsTestExecutionListener@4233c3e, org.springframework.boot.test.autoconfigure.web.client.MockRestServiceServerResetTestExecutionListener@24b02b00, org.springframework.boot.test.autoconfigure.web.servlet.MockMvcPrintOnlyOnFailureTestExecutionListener@2659a0a, org.springframework.boot.test.autoconfigure.web.servlet.WebDriverTestExecutionListener@3d18466c, org.springframework.boot.test.autoconfigure.webservices.client.MockWebServiceServerTestExecutionListener@20c75f3d, org.springframework.boot.test.mock.mockito.ResetMocksTestExecutionListener@58a880e]
19:30:48.439 [Test worker] DEBUG org.springframework.test.context.support.AbstractDirtiesContextTestExecutionListener - Before test class: context [DefaultTestContext@5e1e6a79 testClass = IntegrationTest, testInstance = [null], testMethod = [null], testException = [null], mergedContextConfiguration = [MergedContextConfiguration@5283973d testClass = IntegrationTest, locations = '{}', classes = '{class cn.beagile.dslquery.TestApplication}', contextInitializerClasses = '[]', activeProfiles = '{}', propertySourceLocations = '{}', propertySourceProperties = '{org.springframework.boot.test.context.SpringBootTestContextBootstrapper=true}', contextCustomizers = set[org.springframework.boot.test.autoconfigure.actuate.metrics.MetricsExportContextCustomizerFactory$DisableMetricExportContextCustomizer@74a4dabf, org.springframework.boot.test.autoconfigure.properties.PropertyMappingContextCustomizer@0, org.springframework.boot.test.autoconfigure.web.servlet.WebDriverContextCustomizerFactory$Customizer@7c518688, org.springframework.boot.test.context.filter.ExcludeFilterContextCustomizer@2857baa4, org.springframework.boot.test.json.DuplicateJsonObjectContextCustomizerFactory$DuplicateJsonObjectContextCustomizer@10106032, org.springframework.boot.test.mock.mockito.MockitoContextCustomizer@0, org.springframework.boot.test.web.client.TestRestTemplateContextCustomizer@2d5e256e, org.springframework.boot.test.context.SpringBootTestArgs@1, org.springframework.boot.test.context.SpringBootTestWebEnvironment@6cfd4d8], contextLoader = 'org.springframework.boot.test.context.SpringBootContextLoader', parent = [null]], attributes = map[[empty]]], class annotated with @DirtiesContext [false] with mode [null].
19:30:48.448 [Test worker] DEBUG org.springframework.test.context.support.DependencyInjectionTestExecutionListener - Performing dependency injection for test context [[DefaultTestContext@5e1e6a79 testClass = IntegrationTest, testInstance = cn.beagile.dslquery.IntegrationTest@3a76dcca, testMethod = [null], testException = [null], mergedContextConfiguration = [MergedContextConfiguration@5283973d testClass = IntegrationTest, locations = '{}', classes = '{class cn.beagile.dslquery.TestApplication}', contextInitializerClasses = '[]', activeProfiles = '{}', propertySourceLocations = '{}', propertySourceProperties = '{org.springframework.boot.test.context.SpringBootTestContextBootstrapper=true}', contextCustomizers = set[org.springframework.boot.test.autoconfigure.actuate.metrics.MetricsExportContextCustomizerFactory$DisableMetricExportContextCustomizer@74a4dabf, org.springframework.boot.test.autoconfigure.properties.PropertyMappingContextCustomizer@0, org.springframework.boot.test.autoconfigure.web.servlet.WebDriverContextCustomizerFactory$Customizer@7c518688, org.springframework.boot.test.context.filter.ExcludeFilterContextCustomizer@2857baa4, org.springframework.boot.test.json.DuplicateJsonObjectContextCustomizerFactory$DuplicateJsonObjectContextCustomizer@10106032, org.springframework.boot.test.mock.mockito.MockitoContextCustomizer@0, org.springframework.boot.test.web.client.TestRestTemplateContextCustomizer@2d5e256e, org.springframework.boot.test.context.SpringBootTestArgs@1, org.springframework.boot.test.context.SpringBootTestWebEnvironment@6cfd4d8], contextLoader = 'org.springframework.boot.test.context.SpringBootContextLoader', parent = [null]], attributes = map['org.springframework.test.context.event.ApplicationEventsTestExecutionListener.recordApplicationEvents' -> false]]].
19:30:48.493 [Test worker] DEBUG org.springframework.test.context.support.TestPropertySourceUtils - Adding inlined properties to environment: {spring.jmx.enabled=false, org.springframework.boot.test.context.SpringBootTestContextBootstrapper=true}

  .   ____          _            __ _ _
 /\\ / ___'_ __ _ _(_)_ __  __ _ \ \ \ \
( ( )\___ | '_ | '_| | '_ \/ _` | \ \ \ \
 \\/  ___)| |_)| | | | | || (_| |  ) ) ) )
  '  |____| .__|_| |_|_| |_\__, | / / / /
 =========|_|==============|___/=/_/_/_/
 :: Spring Boot ::                (v2.5.6)

2023-06-22 19:30:48.885  INFO 59094 --- [    Test worker] cn.beagile.dslquery.IntegrationTest      : Starting IntegrationTest using Java 1.8.0_291 on dengzhiguodeMacBook-Pro.local with PID 59094 (started by dengzhiguo in /Users/dengzhiguo/Workspace/dslquery)
2023-06-22 19:30:48.888  INFO 59094 --- [    Test worker] cn.beagile.dslquery.IntegrationTest      : No active profile set, falling back to default profiles: default
2023-06-22 19:30:49.525  INFO 59094 --- [    Test worker] .s.d.r.c.RepositoryConfigurationDelegate : Bootstrapping Spring Data JPA repositories in DEFAULT mode.
2023-06-22 19:30:49.550  INFO 59094 --- [    Test worker] .s.d.r.c.RepositoryConfigurationDelegate : Finished Spring Data repository scanning in 10 ms. Found 0 JPA repository interfaces.
2023-06-22 19:30:50.090  INFO 59094 --- [    Test worker] o.t.utility.ImageNameSubstitutor         : Image name substitution will be performed by: DefaultImageNameSubstitutor (composite of 'ConfigurationFileImageNameSubstitutor' and 'PrefixingImageNameSubstitutor')
2023-06-22 19:30:50.173  INFO 59094 --- [    Test worker] o.t.d.DockerClientProviderStrategy       : Loaded org.testcontainers.dockerclient.UnixSocketClientProviderStrategy from ~/.testcontainers.properties, will try it first
2023-06-22 19:30:51.314  INFO 59094 --- [    Test worker] o.t.d.DockerClientProviderStrategy       : Found Docker environment with local Unix socket (unix:///var/run/docker.sock)
2023-06-22 19:30:51.316  INFO 59094 --- [    Test worker] org.testcontainers.DockerClientFactory   : Docker host IP address is localhost
2023-06-22 19:30:51.364  INFO 59094 --- [    Test worker] org.testcontainers.DockerClientFactory   : Connected to docker: 
  Server Version: 20.10.17
  API Version: 1.41
  Operating System: Docker Desktop
  Total Memory: 7960 MB
2023-06-22 19:30:51.375  INFO 59094 --- [    Test worker] org.testcontainers.DockerClientFactory   : Checking the system...
2023-06-22 19:30:51.377  INFO 59094 --- [    Test worker] org.testcontainers.DockerClientFactory   : ✔︎ Docker server version should be at least 1.6.0
2023-06-22 19:30:52.852  INFO 59094 --- [    Test worker] org.testcontainers.DockerClientFactory   : ✔︎ Docker environment should have more than 2GB free disk space
2023-06-22 19:30:53.052  INFO 59094 --- [    Test worker] ]]>&#x1f433;<![CDATA[ [mysql:5.7.28]                        : Creating container for image: mysql:5.7.28
2023-06-22 19:30:53.206  INFO 59094 --- [    Test worker] ]]>&#x1f433;<![CDATA[ [mysql:5.7.28]                        : Reusing container with ID: b4ec54cdc3f7ad21feb956f0285573386b25f0cdfa547b23e7bed94ccbfbc104 and hash: 48dc79dd9b277b45b98c0de3d11190226bf94024
2023-06-22 19:30:53.208  INFO 59094 --- [    Test worker] ]]>&#x1f433;<![CDATA[ [mysql:5.7.28]                        : Reusing existing container (b4ec54cdc3f7ad21feb956f0285573386b25f0cdfa547b23e7bed94ccbfbc104) and not creating a new one
2023-06-22 19:30:53.245  INFO 59094 --- [    Test worker] ]]>&#x1f433;<![CDATA[ [mysql:5.7.28]                        : Waiting for database connection to become available at jdbc:mysql://localhost:63467/test using query 'SELECT 1'
2023-06-22 19:30:54.165  INFO 59094 --- [    Test worker] ]]>&#x1f433;<![CDATA[ [mysql:5.7.28]                        : Container is started (JDBC URL: jdbc:mysql://localhost:63467/test)
2023-06-22 19:30:54.166  INFO 59094 --- [    Test worker] ]]>&#x1f433;<![CDATA[ [mysql:5.7.28]                        : Container mysql:5.7.28 started in PT1.114S
2023-06-22 19:30:54.263  INFO 59094 --- [    Test worker] o.f.c.internal.license.VersionPrinter    : Flyway Community Edition 5.2.4 by Boxfuse
2023-06-22 19:30:54.280  INFO 59094 --- [    Test worker] com.zaxxer.hikari.HikariDataSource       : HikariPool-1 - Starting...
2023-06-22 19:30:54.733  INFO 59094 --- [    Test worker] com.zaxxer.hikari.HikariDataSource       : HikariPool-1 - Start completed.
2023-06-22 19:30:54.744  INFO 59094 --- [    Test worker] o.f.c.internal.database.DatabaseFactory  : Database: jdbc:mysql://localhost:63467/test (MySQL 5.7)
2023-06-22 19:30:54.902  INFO 59094 --- [    Test worker] o.f.core.internal.command.DbValidate     : Successfully validated 1 migration (execution time 00:00.048s)
2023-06-22 19:30:54.939  INFO 59094 --- [    Test worker] o.f.core.internal.command.DbMigrate      : Current version of schema `test`: 1
2023-06-22 19:30:54.943  INFO 59094 --- [    Test worker] o.f.core.internal.command.DbMigrate      : Schema `test` is up to date. No migration necessary.
2023-06-22 19:30:55.558  INFO 59094 --- [    Test worker] o.hibernate.jpa.internal.util.LogHelper  : HHH000204: Processing PersistenceUnitInfo [name: default]
2023-06-22 19:30:55.698  INFO 59094 --- [    Test worker] org.hibernate.Version                    : HHH000412: Hibernate ORM core version 5.4.32.Final
2023-06-22 19:30:55.785  INFO 59094 --- [    Test worker] o.hibernate.annotations.common.Version   : HCANN000001: Hibernate Commons Annotations {5.1.2.Final}
2023-06-22 19:30:56.051  INFO 59094 --- [    Test worker] org.hibernate.dialect.Dialect            : HHH000400: Using dialect: org.hibernate.dialect.MySQL57Dialect
2023-06-22 19:30:56.422  INFO 59094 --- [    Test worker] o.h.e.t.j.p.i.JtaPlatformInitiator       : HHH000490: Using JtaPlatform implementation: [org.hibernate.engine.transaction.jta.platform.internal.NoJtaPlatform]
2023-06-22 19:30:56.441  INFO 59094 --- [    Test worker] j.LocalContainerEntityManagerFactoryBean : Initialized JPA EntityManagerFactory for persistence unit 'default'
2023-06-22 19:30:56.612  INFO 59094 --- [    Test worker] cn.beagile.dslquery.IntegrationTest      : Started IntegrationTest in 8.116 seconds (JVM running for 11.274)
]]></system-out>
  <system-err><![CDATA[]]></system-err>
</testsuite>
