<?xml version="1.0" encoding="UTF-8"?>
<testsuite name="cn.beagile.dslquery.WhereListTest" tests="3" skipped="0" failures="0" errors="0" timestamp="2023-06-23T02:18:28" hostname="dengzhiguodeMacBook-Pro.local" time="0.022">
  <properties/>
  <testcase name="should_return_2_has_inner()" classname="cn.beagile.dslquery.WhereListTest" time="0.019"/>
  <testcase name="should_return_1()" classname="cn.beagile.dslquery.WhereListTest" time="0.001"/>
  <testcase name="should_return_2()" classname="cn.beagile.dslquery.WhereListTest" time="0.0"/>
  <system-out><![CDATA[]]></system-out>
  <system-err><![CDATA[]]></system-err>
</testsuite>
