<?xml version="1.0" encoding="UTF-8"?>
<testsuite name="cn.beagile.dslquery.DSLQueryTest" tests="4" skipped="0" failures="0" errors="0" timestamp="2023-06-22T07:54:21" hostname="dengzhiguodeMacBook-Pro.local" time="0.052">
  <properties/>
  <testcase name="should_execute_query_with_actual_field_name()" classname="cn.beagile.dslquery.DSLQueryTest" time="0.043"/>
  <testcase name="should_execute_query_with_where()" classname="cn.beagile.dslquery.DSLQueryTest" time="0.002"/>
  <testcase name="should_execute_query_without_filter_sort_page()" classname="cn.beagile.dslquery.DSLQueryTest" time="0.002"/>
  <testcase name="should_execute_query_with_complex_where()" classname="cn.beagile.dslquery.DSLQueryTest" time="0.002"/>
  <system-out><![CDATA[]]></system-out>
  <system-err><![CDATA[]]></system-err>
</testsuite>
