<?xml version="1.0" encoding="UTF-8"?>
<testsuite name="cn.beagile.dslquery.SQLQueryTest" tests="8" skipped="0" failures="0" errors="0" timestamp="2023-06-22T13:19:03" hostname="dengzhiguodeMacBook-Pro.local" time="0.05">
  <properties/>
  <testcase name="add_double_param()" classname="cn.beagile.dslquery.SQLQueryTest" time="0.024"/>
  <testcase name="add_instant_param()" classname="cn.beagile.dslquery.SQLQueryTest" time="0.017"/>
  <testcase name="add_long_param()" classname="cn.beagile.dslquery.SQLQueryTest" time="0.001"/>
  <testcase name="add_long_timestamp_param()" classname="cn.beagile.dslquery.SQLQueryTest" time="0.001"/>
  <testcase name="add_float_param()" classname="cn.beagile.dslquery.SQLQueryTest" time="0.0"/>
  <testcase name="add_int_param()" classname="cn.beagile.dslquery.SQLQueryTest" time="0.0"/>
  <testcase name="add_param_not_exist()" classname="cn.beagile.dslquery.SQLQueryTest" time="0.001"/>
  <testcase name="add_string_param()" classname="cn.beagile.dslquery.SQLQueryTest" time="0.0"/>
  <system-out><![CDATA[]]></system-out>
  <system-err><![CDATA[]]></system-err>
</testsuite>
